05-01-23 10:23:46.804  Started
05-01-23 10:23:46.805  With command line: D:\ShashankWork\Marquee Workspace\Marquee Solutions Work\Automation 2\BillGenratorMobileApp2\fireshot-chrome-plugin.exe 
05-01-23 10:23:46.805  Target engine is: Chromium
05-01-23 10:23:46.808  Using folder for deployment: C:\Users\Marquee\AppData\Roaming\FireShot\1.10.05
05-01-23 10:23:46.809  Created directory with result: 1
05-01-23 10:23:46.809  Copying myself...
05-01-23 10:23:46.809  Target Native host already exists, nothing to copy.
05-01-23 10:23:46.811  Extracting manifest...
05-01-23 10:23:46.812  Written 642 bytes
05-01-23 10:23:46.812  Done
05-01-23 10:23:46.812  Writing registry...
05-01-23 10:23:46.813  Successfully registered to HKEY_CURRENT_USER
05-01-23 10:23:51.443  Started
05-01-23 10:23:51.443  With command line: D:\ShashankWork\Marquee Workspace\Marquee Solutions Work\Automation 2\BillGenratorMobileApp2\fireshot-chrome-plugin.exe 
05-01-23 10:23:51.444  Target engine is: Chromium
05-01-23 10:23:51.446  Using folder for deployment: C:\Users\Marquee\AppData\Roaming\FireShot\1.10.05
05-01-23 10:23:51.447  Created directory with result: 1
05-01-23 10:23:51.447  Copying myself...
05-01-23 10:23:51.447  Target Native host already exists, nothing to copy.
05-01-23 10:23:51.447  Extracting manifest...
05-01-23 10:23:51.448  Written 642 bytes
05-01-23 10:23:51.448  Done
05-01-23 10:23:51.448  Writing registry...
05-01-23 10:23:51.449  Successfully registered to HKEY_CURRENT_USER
05-01-23 10:24:19.879  Started
05-01-23 10:24:19.879  With command line: D:\ShashankWork\Marquee Workspace\Marquee Solutions Work\Automation 2\BillGenratorMobileApp2\fireshot-chrome-plugin.exe 
05-01-23 10:24:19.879  Target engine is: Chromium
05-01-23 10:24:19.883  Using folder for deployment: C:\Users\Marquee\AppData\Roaming\FireShot\1.10.05
05-01-23 10:24:19.884  Created directory with result: 1
05-01-23 10:24:19.884  Copying myself...
05-01-23 10:24:19.884  Target Native host already exists, nothing to copy.
05-01-23 10:24:19.884  Extracting manifest...
05-01-23 10:24:19.885  Written 642 bytes
05-01-23 10:24:19.885  Done
05-01-23 10:24:19.885  Writing registry...
05-01-23 10:24:19.886  Successfully registered to HKEY_CURRENT_USER
